2018-03-19 21:50:41,472 [Worker-15] INFO  o.e.m.c.i.l.LifecycleMappingFactory - Using org.eclipse.m2e.jdt.JarLifecycleMapping lifecycle mapping for MavenProject: com.joedianreid:n26-api:0.0.1-SNAPSHOT @ C:\Users\princ\OneDrive\Documents\GitHub\PiggyParadise\2dayChallenge\joediann26\pom.xml.
2018-03-19 21:50:46,883 [Worker-15] INFO  o.e.m.c.i.e.AbstractTransferListenerAdapter - Downloading https://repo.spring.io/milestone/org/springframework/restdocs/spring-restdocs-mockmvc/2.0.0.RELEASE/spring-restdocs-mockmvc-2.0.0.RELEASE.pom
2018-03-19 21:50:47,017 [Worker-15] INFO  o.e.m.c.i.e.AbstractTransferListenerAdapter - Downloaded https://repo.spring.io/milestone/org/springframework/restdocs/spring-restdocs-mockmvc/2.0.0.RELEASE/spring-restdocs-mockmvc-2.0.0.RELEASE.pom
2018-03-19 21:50:47,172 [Worker-15] INFO  o.e.m.c.i.e.AbstractTransferListenerAdapter - Downloading https://repo.spring.io/milestone/org/springframework/spring-framework-bom/5.0.2.RELEASE/spring-framework-bom-5.0.2.RELEASE.pom
2018-03-19 21:50:47,314 [Worker-15] INFO  o.e.m.c.i.e.AbstractTransferListenerAdapter - Downloaded https://repo.spring.io/milestone/org/springframework/spring-framework-bom/5.0.2.RELEASE/spring-framework-bom-5.0.2.RELEASE.pom
2018-03-19 21:50:47,471 [Worker-15] INFO  o.e.m.c.i.e.AbstractTransferListenerAdapter - Downloading https://repo.spring.io/milestone/org/springframework/restdocs/spring-restdocs-core/2.0.0.RELEASE/spring-restdocs-core-2.0.0.RELEASE.pom
2018-03-19 21:50:47,599 [Worker-15] INFO  o.e.m.c.i.e.AbstractTransferListenerAdapter - Downloaded https://repo.spring.io/milestone/org/springframework/restdocs/spring-restdocs-core/2.0.0.RELEASE/spring-restdocs-core-2.0.0.RELEASE.pom
2018-03-19 21:50:47,928 [Worker-15] INFO  o.e.m.c.i.e.AbstractTransferListenerAdapter - Downloading https://repo.spring.io/milestone/org/springframework/restdocs/spring-restdocs-mockmvc/2.0.0.RELEASE/spring-restdocs-mockmvc-2.0.0.RELEASE.jar
2018-03-19 21:50:48,209 [Worker-15] INFO  o.e.m.c.i.e.AbstractTransferListenerAdapter - Downloaded https://repo.spring.io/milestone/org/springframework/restdocs/spring-restdocs-mockmvc/2.0.0.RELEASE/spring-restdocs-mockmvc-2.0.0.RELEASE.jar
2018-03-19 21:50:48,292 [Worker-15] INFO  o.e.m.c.i.e.AbstractTransferListenerAdapter - Downloading https://repo.spring.io/milestone/org/springframework/restdocs/spring-restdocs-core/2.0.0.RELEASE/spring-restdocs-core-2.0.0.RELEASE.jar
2018-03-19 21:50:48,854 [Worker-15] INFO  o.e.m.c.i.e.AbstractTransferListenerAdapter - Downloaded https://repo.spring.io/milestone/org/springframework/restdocs/spring-restdocs-core/2.0.0.RELEASE/spring-restdocs-core-2.0.0.RELEASE.jar
2018-03-19 21:51:06,676 [Worker-15] INFO  o.e.m.j.i.AbstractJavaProjectConfigurator - Adding source folder /joediann26/src/main/java
2018-03-19 21:51:06,677 [Worker-15] INFO  o.e.m.j.i.AbstractJavaProjectConfigurator - Adding resource folder /joediann26/src/main/resources
2018-03-19 21:51:06,713 [Worker-15] INFO  o.e.m.j.i.AbstractJavaProjectConfigurator - Adding resource folder /joediann26/src/main/resources
2018-03-19 21:51:06,777 [Worker-15] INFO  o.e.m.j.i.AbstractJavaProjectConfigurator - Adding source folder /joediann26/src/test/java
2018-03-19 21:51:22,970 [Worker-15] INFO  o.e.m.c.i.p.ProjectConfigurationManager - Imported and configured 1 project(s) in 57 sec
2018-03-19 21:51:22,980 [Worker-15] INFO  o.e.m.c.i.p.ProjectConfigurationManager - Update started
2018-03-19 21:51:23,829 [Worker-15] INFO  o.e.m.c.i.l.LifecycleMappingFactory - Using org.eclipse.m2e.jdt.JarLifecycleMapping lifecycle mapping for MavenProject: com.joedianreid:n26-api:0.0.1-SNAPSHOT @ C:\Users\princ\OneDrive\Documents\GitHub\PiggyParadise\2dayChallenge\joediann26\pom.xml.
2018-03-19 21:51:25,567 [Worker-15] INFO  o.e.m.j.i.AbstractJavaProjectConfigurator - Adding source folder /joediann26/src/main/java
2018-03-19 21:51:25,568 [Worker-15] INFO  o.e.m.j.i.AbstractJavaProjectConfigurator - Adding resource folder /joediann26/src/main/resources
2018-03-19 21:51:25,580 [Worker-15] INFO  o.e.m.j.i.AbstractJavaProjectConfigurator - Adding resource folder /joediann26/src/main/resources
2018-03-19 21:51:25,601 [Worker-15] INFO  o.e.m.j.i.AbstractJavaProjectConfigurator - Adding source folder /joediann26/src/test/java
2018-03-19 21:51:26,994 [Worker-15] INFO  o.e.m.c.i.p.ProjectConfigurationManager - Update completed: 4 sec
2018-03-19 21:51:59,241 [Worker-21] INFO  o.e.m.c.i.embedder.EclipseLogger - Using 'UTF-8' encoding to copy filtered resources.
2018-03-19 21:51:59,455 [Worker-21] INFO  o.e.m.c.i.embedder.EclipseLogger - Copying 1 resource
2018-03-19 21:51:59,931 [Worker-21] INFO  o.e.m.c.i.embedder.EclipseLogger - Copying 0 resource
2018-03-19 21:51:59,962 [Worker-21] INFO  o.e.m.c.i.embedder.EclipseLogger - Using 'UTF-8' encoding to copy filtered resources.
2018-03-19 21:51:59,974 [Worker-21] INFO  o.e.m.c.i.embedder.EclipseLogger - skip non existing resourceDirectory C:\Users\princ\OneDrive\Documents\GitHub\PiggyParadise\2dayChallenge\joediann26\src\test\resources
2018-03-19 22:04:06,763 [Worker-11] INFO  o.e.m.c.i.embedder.EclipseLogger - Using 'UTF-8' encoding to copy filtered resources.
2018-03-19 22:04:06,775 [Worker-11] INFO  o.e.m.c.i.embedder.EclipseLogger - Copying 1 resource
2018-03-19 22:04:06,795 [Worker-11] INFO  o.e.m.c.i.embedder.EclipseLogger - Copying 0 resource
2018-03-19 22:04:06,801 [Worker-11] INFO  o.e.m.c.i.embedder.EclipseLogger - Using 'UTF-8' encoding to copy filtered resources.
2018-03-19 22:04:06,801 [Worker-11] INFO  o.e.m.c.i.embedder.EclipseLogger - skip non existing resourceDirectory C:\Users\princ\OneDrive\Documents\GitHub\PiggyParadise\2dayChallenge\joediann26\src\test\resources
2018-03-19 22:04:17,907 [Worker-1] INFO  o.e.m.c.i.embedder.EclipseLogger - Using 'UTF-8' encoding to copy filtered resources.
2018-03-19 22:04:17,943 [Worker-1] INFO  o.e.m.c.i.embedder.EclipseLogger - Copying 1 resource
2018-03-19 22:04:17,961 [Worker-1] INFO  o.e.m.c.i.embedder.EclipseLogger - Copying 0 resource
2018-03-19 22:04:17,977 [Worker-1] INFO  o.e.m.c.i.embedder.EclipseLogger - Using 'UTF-8' encoding to copy filtered resources.
2018-03-19 22:04:17,977 [Worker-1] INFO  o.e.m.c.i.embedder.EclipseLogger - skip non existing resourceDirectory C:\Users\princ\OneDrive\Documents\GitHub\PiggyParadise\2dayChallenge\joediann26\src\test\resources
2018-03-19 22:05:44,973 [Worker-1] INFO  o.e.m.c.i.embedder.EclipseLogger - Using 'UTF-8' encoding to copy filtered resources.
2018-03-19 22:05:44,973 [Worker-1] INFO  o.e.m.c.i.embedder.EclipseLogger - Copying 1 resource
2018-03-19 22:05:44,988 [Worker-1] INFO  o.e.m.c.i.embedder.EclipseLogger - Copying 0 resource
2018-03-19 22:05:44,988 [Worker-1] INFO  o.e.m.c.i.embedder.EclipseLogger - Using 'UTF-8' encoding to copy filtered resources.
2018-03-19 22:05:44,988 [Worker-1] INFO  o.e.m.c.i.embedder.EclipseLogger - skip non existing resourceDirectory C:\Users\princ\OneDrive\Documents\GitHub\PiggyParadise\2dayChallenge\joediann26\src\test\resources
2018-03-19 22:07:18,534 [Worker-11] INFO  o.e.m.c.i.embedder.EclipseLogger - Using 'UTF-8' encoding to copy filtered resources.
2018-03-19 22:07:18,553 [Worker-11] INFO  o.e.m.c.i.embedder.EclipseLogger - Copying 1 resource
2018-03-19 22:07:18,556 [Worker-11] INFO  o.e.m.c.i.embedder.EclipseLogger - Copying 0 resource
2018-03-19 22:07:18,561 [Worker-11] INFO  o.e.m.c.i.embedder.EclipseLogger - Using 'UTF-8' encoding to copy filtered resources.
2018-03-19 22:07:18,566 [Worker-11] INFO  o.e.m.c.i.embedder.EclipseLogger - skip non existing resourceDirectory C:\Users\princ\OneDrive\Documents\GitHub\PiggyParadise\2dayChallenge\joediann26\src\test\resources
2018-03-19 22:14:06,363 [Worker-1] INFO  o.e.m.c.i.embedder.EclipseLogger - Using 'UTF-8' encoding to copy filtered resources.
2018-03-19 22:14:06,364 [Worker-1] INFO  o.e.m.c.i.embedder.EclipseLogger - Copying 1 resource
2018-03-19 22:14:06,367 [Worker-1] INFO  o.e.m.c.i.embedder.EclipseLogger - Copying 0 resource
2018-03-19 22:14:06,370 [Worker-1] INFO  o.e.m.c.i.embedder.EclipseLogger - Using 'UTF-8' encoding to copy filtered resources.
2018-03-19 22:14:06,383 [Worker-1] INFO  o.e.m.c.i.embedder.EclipseLogger - skip non existing resourceDirectory C:\Users\princ\OneDrive\Documents\GitHub\PiggyParadise\2dayChallenge\joediann26\src\test\resources
2018-03-19 22:14:28,665 [Worker-2] INFO  o.e.m.c.i.embedder.EclipseLogger - Using 'UTF-8' encoding to copy filtered resources.
2018-03-19 22:14:28,695 [Worker-2] INFO  o.e.m.c.i.embedder.EclipseLogger - Copying 1 resource
2018-03-19 22:14:28,710 [Worker-2] INFO  o.e.m.c.i.embedder.EclipseLogger - Copying 0 resource
2018-03-19 22:14:28,728 [Worker-2] INFO  o.e.m.c.i.embedder.EclipseLogger - Using 'UTF-8' encoding to copy filtered resources.
2018-03-19 22:14:28,735 [Worker-2] INFO  o.e.m.c.i.embedder.EclipseLogger - skip non existing resourceDirectory C:\Users\princ\OneDrive\Documents\GitHub\PiggyParadise\2dayChallenge\joediann26\src\test\resources
2018-03-19 22:14:41,859 [Worker-1] INFO  o.e.m.c.i.embedder.EclipseLogger - Using 'UTF-8' encoding to copy filtered resources.
2018-03-19 22:14:41,861 [Worker-1] INFO  o.e.m.c.i.embedder.EclipseLogger - Copying 1 resource
2018-03-19 22:14:41,878 [Worker-1] INFO  o.e.m.c.i.embedder.EclipseLogger - Copying 0 resource
2018-03-19 22:14:41,894 [Worker-1] INFO  o.e.m.c.i.embedder.EclipseLogger - Using 'UTF-8' encoding to copy filtered resources.
2018-03-19 22:14:41,904 [Worker-1] INFO  o.e.m.c.i.embedder.EclipseLogger - skip non existing resourceDirectory C:\Users\princ\OneDrive\Documents\GitHub\PiggyParadise\2dayChallenge\joediann26\src\test\resources
2018-03-19 22:16:32,177 [Worker-17] INFO  o.e.m.c.i.embedder.EclipseLogger - Using 'UTF-8' encoding to copy filtered resources.
2018-03-19 22:16:32,190 [Worker-17] INFO  o.e.m.c.i.embedder.EclipseLogger - Copying 1 resource
2018-03-19 22:16:32,208 [Worker-17] INFO  o.e.m.c.i.embedder.EclipseLogger - Copying 0 resource
2018-03-19 22:16:32,233 [Worker-17] INFO  o.e.m.c.i.embedder.EclipseLogger - Using 'UTF-8' encoding to copy filtered resources.
2018-03-19 22:16:32,244 [Worker-17] INFO  o.e.m.c.i.embedder.EclipseLogger - skip non existing resourceDirectory C:\Users\princ\OneDrive\Documents\GitHub\PiggyParadise\2dayChallenge\joediann26\src\test\resources
2018-03-19 22:19:00,496 [Worker-1] INFO  o.e.m.c.i.embedder.EclipseLogger - Using 'UTF-8' encoding to copy filtered resources.
2018-03-19 22:19:00,498 [Worker-1] INFO  o.e.m.c.i.embedder.EclipseLogger - Copying 1 resource
2018-03-19 22:19:00,501 [Worker-1] INFO  o.e.m.c.i.embedder.EclipseLogger - Copying 0 resource
2018-03-19 22:19:00,505 [Worker-1] INFO  o.e.m.c.i.embedder.EclipseLogger - Using 'UTF-8' encoding to copy filtered resources.
2018-03-19 22:19:00,505 [Worker-1] INFO  o.e.m.c.i.embedder.EclipseLogger - skip non existing resourceDirectory C:\Users\princ\OneDrive\Documents\GitHub\PiggyParadise\2dayChallenge\joediann26\src\test\resources
2018-03-19 22:19:07,455 [Worker-4] INFO  o.e.m.c.i.embedder.EclipseLogger - Using 'UTF-8' encoding to copy filtered resources.
2018-03-19 22:19:07,455 [Worker-4] INFO  o.e.m.c.i.embedder.EclipseLogger - Copying 1 resource
2018-03-19 22:19:07,455 [Worker-4] INFO  o.e.m.c.i.embedder.EclipseLogger - Copying 0 resource
2018-03-19 22:19:07,470 [Worker-4] INFO  o.e.m.c.i.embedder.EclipseLogger - Using 'UTF-8' encoding to copy filtered resources.
2018-03-19 22:19:07,470 [Worker-4] INFO  o.e.m.c.i.embedder.EclipseLogger - skip non existing resourceDirectory C:\Users\princ\OneDrive\Documents\GitHub\PiggyParadise\2dayChallenge\joediann26\src\test\resources
2018-03-19 22:21:23,163 [Worker-1] INFO  o.e.m.c.i.embedder.EclipseLogger - Using 'UTF-8' encoding to copy filtered resources.
2018-03-19 22:21:23,163 [Worker-1] INFO  o.e.m.c.i.embedder.EclipseLogger - Copying 1 resource
2018-03-19 22:21:23,257 [Worker-1] INFO  o.e.m.c.i.embedder.EclipseLogger - Copying 0 resource
2018-03-19 22:21:23,272 [Worker-1] INFO  o.e.m.c.i.embedder.EclipseLogger - Using 'UTF-8' encoding to copy filtered resources.
2018-03-19 22:21:23,283 [Worker-1] INFO  o.e.m.c.i.embedder.EclipseLogger - skip non existing resourceDirectory C:\Users\princ\OneDrive\Documents\GitHub\PiggyParadise\2dayChallenge\joediann26\src\test\resources
2018-03-19 22:22:19,562 [Worker-1] INFO  o.e.m.c.i.embedder.EclipseLogger - Using 'UTF-8' encoding to copy filtered resources.
2018-03-19 22:22:19,595 [Worker-1] INFO  o.e.m.c.i.embedder.EclipseLogger - Copying 1 resource
2018-03-19 22:22:19,673 [Worker-1] INFO  o.e.m.c.i.embedder.EclipseLogger - Copying 0 resource
2018-03-19 22:22:19,755 [Worker-1] INFO  o.e.m.c.i.embedder.EclipseLogger - Using 'UTF-8' encoding to copy filtered resources.
2018-03-19 22:22:19,756 [Worker-1] INFO  o.e.m.c.i.embedder.EclipseLogger - skip non existing resourceDirectory C:\Users\princ\OneDrive\Documents\GitHub\PiggyParadise\2dayChallenge\joediann26\src\test\resources
2018-03-19 22:24:09,037 [Worker-19] INFO  o.e.m.c.i.embedder.EclipseLogger - Using 'UTF-8' encoding to copy filtered resources.
2018-03-19 22:24:09,037 [Worker-19] INFO  o.e.m.c.i.embedder.EclipseLogger - Copying 0 resource
2018-03-19 22:24:09,037 [Worker-19] INFO  o.e.m.c.i.embedder.EclipseLogger - Copying 1 resource
2018-03-19 22:24:09,053 [Worker-19] INFO  o.e.m.c.i.embedder.EclipseLogger - Using 'UTF-8' encoding to copy filtered resources.
2018-03-19 22:24:09,122 [Worker-19] INFO  o.e.m.c.i.embedder.EclipseLogger - skip non existing resourceDirectory C:\Users\princ\OneDrive\Documents\GitHub\PiggyParadise\2dayChallenge\joediann26\src\test\resources
2018-03-19 22:26:14,503 [Worker-20] INFO  o.e.m.c.i.embedder.EclipseLogger - Using 'UTF-8' encoding to copy filtered resources.
2018-03-19 22:26:14,505 [Worker-20] INFO  o.e.m.c.i.embedder.EclipseLogger - Copying 1 resource
2018-03-19 22:26:14,618 [Worker-20] INFO  o.e.m.c.i.embedder.EclipseLogger - Copying 1 resource
2018-03-19 22:26:14,639 [Worker-20] INFO  o.e.m.c.i.embedder.EclipseLogger - Using 'UTF-8' encoding to copy filtered resources.
2018-03-19 22:26:14,639 [Worker-20] INFO  o.e.m.c.i.embedder.EclipseLogger - skip non existing resourceDirectory C:\Users\princ\OneDrive\Documents\GitHub\PiggyParadise\2dayChallenge\joediann26\src\test\resources
